\BOOKMARK [0][-]{chapter.1}{\376\377\000\332\000v\000o\000d}{}% 1
\BOOKMARK [0][-]{chapter.2}{\376\377\000S\000\372\001\015\000a\000s\000n\000\375\000\040\000s\000t\000a\000v\000\040\000p\000r\000o\000b\000l\000e\000m\000a\000t\000i\000k\000y}{}% 2
\BOOKMARK [1][-]{section.2.1}{\376\377\000V\000\375\000v\000o\000j\000\040\000v\000\375\000s\000t\000a\000v\000n\000\355\000c\000t\000v\000a\000\040\000a\000\040\000i\000n\000t\000e\000r\000a\000k\000t\000\355\000v\000n\000e\000\040\000e\000x\000p\000o\000z\000\355\000c\000i\000e}{chapter.2}% 3
\BOOKMARK [1][-]{section.2.2}{\376\377\000A\000r\000c\000h\000i\000t\000e\000k\000t\000\372\000r\000y\000\040\000r\000i\000a\000d\000i\000a\000c\000i\000c\000h\000\040\000s\000y\000s\000t\000\351\000m\000o\000v}{chapter.2}% 4
\BOOKMARK [1][-]{section.2.3}{\376\377\000P\000o\000r\000o\000v\000n\000a\000n\000i\000e\000\040\000d\000o\000s\000t\000u\000p\000n\000\375\000c\000h\000\040\000r\000i\000a\000d\000i\000a\000c\000i\000c\000h\000\040\000p\000l\000a\000t\000f\000o\000r\000i\000e\000m}{chapter.2}% 5
\BOOKMARK [2][-]{subsection.2.3.1}{\376\377\000P\000r\000i\000e\000m\000y\000s\000e\000l\000n\000\351\000\040\000r\000i\000a\000d\000i\000a\000c\000e\000\040\000s\000y\000s\000t\000\351\000m\000y\000\040\000\050\000P\000L\000C\000\051}{section.2.3}% 6
\BOOKMARK [2][-]{subsection.2.3.2}{\376\377\000P\000r\000o\000f\000e\000s\000i\000o\000n\000\341\000l\000n\000e\000\040\000s\000h\000o\000w\000-\000c\000o\000n\000t\000r\000o\000l\000\040\000s\000y\000s\000t\000\351\000m\000y}{section.2.3}% 7
\BOOKMARK [2][-]{subsection.2.3.3}{\376\377\000O\000t\000v\000o\000r\000e\000n\000\351\000\040\000s\000y\000s\000t\000\351\000m\000y\000\040\000n\000a\000\040\000b\000\341\000z\000e\000\040\000I\000o\000T\000\040\000p\000l\000a\000t\000f\000o\000r\000i\000e\000m}{section.2.3}% 8
\BOOKMARK [1][-]{section.2.4}{\376\377\000K\000o\000m\000u\000n\000i\000k\000a\001\015\000n\000\351\000\040\000p\000r\000o\000t\000o\000k\000o\000l\000y}{chapter.2}% 9
\BOOKMARK [2][-]{subsection.2.4.1}{\376\377\000P\000r\000e\000n\000o\000s\000o\000v\000\351\000\040\000m\000\351\000d\000i\000\341\000:\000\040\000d\000r\000\364\000t\000o\000v\000\351\000\040\000v\000s\000.\000\040\000b\000e\000z\000d\000r\000\364\000t\000o\000v\000\351}{section.2.4}% 10
\BOOKMARK [2][-]{subsection.2.4.2}{\376\377\000A\000p\000l\000i\000k\000a\001\015\000n\000\351\000\040\000p\000r\000o\000t\000o\000k\000o\000l\000y}{section.2.4}% 11
\BOOKMARK [1][-]{section.2.5}{\376\377\000H\000a\000r\000d\000v\000\351\000r\000o\000v\000\351\000\040\000p\000l\000a\000t\000f\000o\000r\000m\000y\000\040\000p\000r\000e\000\040\000I\000o\000T}{chapter.2}% 12
\BOOKMARK [2][-]{subsection.2.5.1}{\376\377\000J\000e\000d\000n\000o\000d\000o\000s\000k\000o\000v\000\351\000\040\000p\000o\001\015\000\355\000t\000a\001\015\000e\000\040\000\050\000S\000B\000C\000\051}{section.2.5}% 13
\BOOKMARK [2][-]{subsection.2.5.2}{\376\377\000M\000i\000k\000r\000o\000k\000o\000n\000t\000r\000o\000l\000\351\000r\000y\000\040\000p\000r\000e\000\040\000k\000o\000n\000c\000o\000v\000\351\000\040\000u\000z\000l\000y}{section.2.5}% 14
\BOOKMARK [1][-]{section.2.6}{\376\377\000V\000\375\000k\000o\000n\000o\000v\000\341\000\040\000e\000l\000e\000k\000t\000r\000o\000n\000i\000k\000a\000\040\000p\000r\000e\000\040\000f\000y\000z\000i\000c\000k\000\351\000\040\000e\000f\000e\000k\000t\000y}{chapter.2}% 15
\BOOKMARK [2][-]{subsection.2.6.1}{\376\377\000R\000i\000a\000d\000e\000n\000i\000e\000\040\000j\000e\000d\000n\000o\000s\000m\000e\000r\000n\000\375\000c\000h\000\040\000\050\000D\000C\000\051\000\040\000m\000o\000t\000o\000r\000o\000v}{section.2.6}% 16
\BOOKMARK [2][-]{subsection.2.6.2}{\376\377\000S\000p\000\355\000n\000a\000n\000i\000e\000\040\000s\000i\000e\001\145\000o\000v\000\375\000c\000h\000\040\000a\000\040\000n\000\355\000z\000k\000o\000n\000a\000p\000\344\001\145\000o\000v\000\375\000c\000h\000\040\000z\000\341\001\145\000a\001\176\000\355}{section.2.6}% 17
\BOOKMARK [1][-]{section.2.7}{\376\377\000P\000r\000\355\000s\000t\000u\000p\000y\000\040\000k\000\040\000r\000i\000a\000d\000i\000a\000c\000e\000j\000\040\000l\000o\000g\000i\000k\000e\000\040\000e\000x\000p\000o\000z\000\355\000c\000i\000e}{chapter.2}% 18
\BOOKMARK [1][-]{section.2.8}{\376\377\000D\000\341\000t\000o\000v\000\351\000\040\000f\000o\000r\000m\000\341\000t\000y\000\040\000p\000r\000e\000\040\000k\000o\000n\000f\000i\000g\000u\000r\000\341\000c\000i\000u\000\040\000a\000\040\000p\000r\000e\000n\000o\000s}{chapter.2}% 19
\BOOKMARK [1][-]{section.2.9}{\376\377\000Z\000h\000r\000n\000u\000t\000i\000e\000\040\000r\000e\001\141\000e\000r\001\141\000e}{chapter.2}% 20
\BOOKMARK [0][-]{chapter.3}{\376\377\000N\000\341\000v\000r\000h\000\040\000a\000r\000c\000h\000i\000t\000e\000k\000t\000\372\000r\000y\000\040\000s\000y\000s\000t\000\351\000m\000u}{}% 21
\BOOKMARK [1][-]{section.3.1}{\376\377\000P\000o\001\176\000i\000a\000d\000a\000v\000k\000y\000\040\000n\000a\000\040\000s\000y\000s\000t\000\351\000m}{chapter.3}% 22
\BOOKMARK [1][-]{section.3.2}{\376\377\000S\000y\000s\000t\000\351\000m\000o\000v\000\341\000\040\000t\000o\000p\000o\000l\000\363\000g\000i\000a\000\040\000a\000\040\000s\000i\000e\001\145\000o\000v\000\341\000\040\000k\000o\000n\000c\000e\000p\000c\000i\000a}{chapter.3}% 23
\BOOKMARK [1][-]{section.3.3}{\376\377\000V\000\375\000b\000e\000r\000\040\000a\000\040\000r\000o\000z\000d\000e\000l\000e\000n\000i\000e\000\040\000h\000a\000r\000d\000v\000\351\000r\000o\000v\000\375\000c\000h\000\040\000u\000z\000l\000o\000v}{chapter.3}% 24
\BOOKMARK [1][-]{section.3.4}{\376\377\000S\000o\000f\000t\000v\000\351\000r\000o\000v\000\351\000\040\000j\000a\000d\000r\000o\000\040\000s\000y\000s\000t\000\351\000m\000u\000\040\040\023\000\040\000k\000o\000n\000e\001\015\000n\000\375\000\040\000s\000t\000a\000v\000o\000v\000\375\000\040\000a\000u\000t\000o\000m\000a\000t}{chapter.3}% 25
\BOOKMARK [1][-]{section.3.5}{\376\377\000K\000o\000m\000u\000n\000i\000k\000a\001\015\000n\000\341\000\040\000v\000r\000s\000t\000v\000a\000\040\040\023\000\040\000M\000Q\000T\000T\000\040\000a\000\040\000f\000o\000r\000m\000\341\000t\000\040\000s\000c\000\351\000n}{chapter.3}% 26
\BOOKMARK [0][-]{chapter.4}{\376\377\000I\000m\000p\000l\000e\000m\000e\000n\000t\000\341\000c\000i\000a\000\040\000h\000a\000r\000d\000v\000\351\000r\000o\000v\000e\000j\000\040\001\015\000a\000s\000t\000i}{}% 27
\BOOKMARK [1][-]{section.4.1}{\376\377\000C\000e\000n\000t\000r\000\341\000l\000n\000a\000\040\000j\000e\000d\000n\000o\000t\000k\000a\000\040\040\023\000\040\000R\000a\000s\000p\000b\000e\000r\000r\000y\000\040\000P\000i}{chapter.4}% 28
\BOOKMARK [1][-]{section.4.2}{\376\377\000D\000i\000s\000t\000r\000i\000b\000u\000o\000v\000a\000n\000\351\000\040\000u\000z\000l\000y\000\040\040\023\000\040\000E\000S\000P\0003\0002}{chapter.4}% 29
\BOOKMARK [2][-]{subsection.4.2.1}{\376\377\000M\000o\000t\000o\000r\000i\000c\000k\000\375\000\040\000u\000z\000o\000l\000\040\040\023\000\040\000r\000i\000a\000d\000e\000n\000i\000e\000\040\000D\000C\000\040\000m\000o\000t\000o\000r\000o\000v}{section.4.2}% 30
\BOOKMARK [2][-]{subsection.4.2.2}{\376\377\000R\000e\000l\000\351\000o\000v\000\375\000\040\000u\000z\000o\000l\000\040\040\023\000\040\000s\000p\000\355\000n\000a\000n\000i\000e\000\040\000z\000\341\001\145\000a\001\176\000\355}{section.4.2}% 31
\BOOKMARK [2][-]{subsection.4.2.3}{\376\377\000V\000s\000t\000u\000p\000n\000\375\000\040\000t\000l\000a\001\015\000i\000d\000l\000o\000v\000\375\000\040\000u\000z\000o\000l}{section.4.2}% 32
\BOOKMARK [1][-]{section.4.3}{\376\377\000M\000e\000c\000h\000a\000n\000i\000c\000k\000\341\000\040\000k\000o\000n\001\141\000t\000r\000u\000k\000c\000i\000a\000\040\000e\000x\000p\000o\000n\000\341\000t\000o\000v}{chapter.4}% 33
\BOOKMARK [0][-]{chapter.5}{\376\377\000I\000m\000p\000l\000e\000m\000e\000n\000t\000\341\000c\000i\000a\000\040\000s\000o\000f\000t\000v\000\351\000r\000o\000v\000e\000j\000\040\001\015\000a\000s\000t\000i}{}% 34
\BOOKMARK [1][-]{section.5.1}{\376\377\000F\000i\000r\000m\000v\000\351\000r\000\040\000E\000S\000P\0003\0002}{chapter.5}% 35
\BOOKMARK [2][-]{subsection.5.1.1}{\376\377\000S\000p\000o\000l\000o\001\015\000n\000\341\000\040\000i\000n\000f\000r\000a\001\141\000t\000r\000u\000k\000t\000\372\000r\000a\000\040\040\023\000\040\000s\000i\000e\001\145\000,\000\040\000w\000a\000t\000c\000h\000d\000o\000g\000\040\000a\000\040\000O\000T\000A}{section.5.1}% 36
\BOOKMARK [2][-]{subsection.5.1.2}{\376\377\000T\000l\000a\001\015\000i\000d\000l\000o\000v\000\375\000\040\000u\000z\000o\000l}{section.5.1}% 37
\BOOKMARK [2][-]{subsection.5.1.3}{\376\377\000M\000o\000t\000o\000r\000i\000c\000k\000\375\000\040\000u\000z\000o\000l}{section.5.1}% 38
\BOOKMARK [2][-]{subsection.5.1.4}{\376\377\000R\000e\000l\000\351\000o\000v\000\375\000\040\000u\000z\000o\000l\000\040\040\023\000\040\000s\000p\000\355\000n\000a\000n\000i\000e\000\040\000z\000\341\001\145\000a\001\176\000\355}{section.5.1}% 39
\BOOKMARK [1][-]{section.5.2}{\376\377\000B\000a\000c\000k\000e\000n\000d\000\040\000R\000a\000s\000p\000b\000e\000r\000r\000y\000\040\000P\000i}{chapter.5}% 40
\BOOKMARK [2][-]{subsection.5.2.1}{\376\377\000O\000r\000c\000h\000e\000s\000t\000r\000\341\000t\000o\000r\000\040\000s\000y\000s\000t\000\351\000m\000u\000\040\040\023\000\040\000M\000u\000s\000e\000u\000m\000C\000o\000n\000t\000r\000o\000l\000l\000e\000r}{section.5.2}% 41
\BOOKMARK [2][-]{subsection.5.2.2}{\376\377\000S\000t\000a\000v\000o\000v\000\375\000\040\000a\000u\000t\000o\000m\000a\000t\000\040\000a\000\040\000e\000n\000g\000i\000n\000e\000\040\000s\000c\000\351\000n}{section.5.2}% 42
\BOOKMARK [2][-]{subsection.5.2.3}{\376\377\000M\000e\000d\000i\000\341\000l\000n\000a\000\040\000v\000r\000s\000t\000v\000a\000\040\040\023\000\040\000a\000u\000d\000i\000o\000\040\000a\000\040\000v\000i\000d\000e\000o}{section.5.2}% 43
\BOOKMARK [2][-]{subsection.5.2.4}{\376\377\000K\000o\000m\000u\000n\000i\000k\000a\001\015\000n\000\341\000\040\000v\000r\000s\000t\000v\000a\000\040\000M\000Q\000T\000T}{section.5.2}% 44
\BOOKMARK [2][-]{subsection.5.2.5}{\376\377\000W\000e\000b\000o\000v\000\375\000\040\000d\000a\000s\000h\000b\000o\000a\000r\000d}{section.5.2}% 45
\BOOKMARK [1][-]{section.5.3}{\376\377\000K\000o\000n\000f\000i\000g\000u\000r\000\341\000c\000i\000a\000\040\000s\000c\000\351\000n\000\040\040\023\000\040\000f\000o\000r\000m\000\341\000t\000\040\000J\000S\000O\000N}{chapter.5}% 46
\BOOKMARK [0][-]{chapter.6}{\376\377\000E\000x\000p\000e\000r\000i\000m\000e\000n\000t\000\341\000l\000n\000e\000\040\000o\000v\000e\000r\000e\000n\000i\000e}{}% 47
\BOOKMARK [1][-]{section.6.1}{\376\377\000P\000o\000p\000i\000s\000\040\000f\000y\000z\000i\000c\000k\000\351\000h\000o\000\040\000t\000e\000s\000t\000o\000v\000a\000n\000i\000a\000\040\000a\000\040\000t\000e\000s\000t\000o\000v\000a\000c\000i\000e\000h\000o\000\040\000p\000r\000o\000s\000t\000r\000e\000d\000i\000a}{chapter.6}% 48
\BOOKMARK [1][-]{section.6.2}{\376\377\000T\000e\000s\000t\000o\000v\000a\000n\000\351\000\040\000s\000c\000e\000n\000\341\000r\000e\000\040\000a\000\040\000v\000\375\000s\000l\000e\000d\000k\000y}{chapter.6}% 49
\BOOKMARK [2][-]{subsection.6.2.1}{\376\377\000S\000c\000e\000n\000\341\000r\000\040\0001\000\040\040\023\000\040\000K\000o\000m\000p\000l\000e\000x\000n\000\341\000\040\000l\000i\000n\000e\000\341\000r\000n\000a\000\040\000s\000c\000\351\000n\000a\000\040\000s\000\040\000h\000a\000r\000d\000v\000\351\000r\000o\000m}{section.6.2}% 50
\BOOKMARK [2][-]{subsection.6.2.2}{\376\377\000S\000c\000e\000n\000\341\000r\000\040\0002\000\040\040\023\000\040\000D\000l\000h\000o\000d\000o\000b\000\375\000\040\000t\000e\000s\000t\000\040\000s\000t\000a\000b\000i\000l\000i\000t\000y\000\040\000r\000i\000a\000d\000i\000a\000c\000e\000h\000o\000\040\000s\000y\000s\000t\000\351\000m\000u}{section.6.2}% 51
\BOOKMARK [2][-]{subsection.6.2.3}{\376\377\000S\000c\000e\000n\000\341\000r\000\040\0003\000\040\040\023\000\040\000T\000e\000s\000t\000\040\000s\000i\000e\001\145\000o\000v\000e\000j\000\040\000o\000d\000o\000l\000n\000o\000s\000t\000i\000\040\000a\000\040\000L\000W\000T\000\040\000\050\000L\000a\000s\000t\000\040\000W\000i\000l\000l\000\051}{section.6.2}% 52
\BOOKMARK [2][-]{subsection.6.2.4}{\376\377\000S\000c\000e\000n\000\341\000r\000\040\0004\000\040\040\023\000\040\000M\000e\000r\000a\000n\000i\000e\000\040\000l\000a\000t\000e\000n\000c\000i\000e\000\040\000M\000Q\000T\000T\000\040\000s\000p\000\344\000t\000n\000e\000j\000\040\000v\000\344\000z\000b\000y}{section.6.2}% 53
\BOOKMARK [1][-]{section.6.3}{\376\377\000Z\000h\000o\000d\000n\000o\000t\000e\000n\000i\000e\000\040\000o\000v\000e\000r\000e\000n\000i\000a}{chapter.6}% 54
\BOOKMARK [0][-]{chapter.7}{\376\377\000Z\000\341\000v\000e\000r}{}% 55
\BOOKMARK [0][-]{chapter*.16}{\376\377\000Z\000o\000z\000n\000a\000m\000\040\000o\000b\000r\000\341\000z\000k\000o\000v}{}% 56
\BOOKMARK [0][-]{chapter*.17}{\376\377\000Z\000o\000z\000n\000a\000m\000\040\000t\000a\000b\000u\000l\000i\000e\000k}{}% 57
\BOOKMARK [0][-]{section*.18}{\376\377\000P\000o\000u\001\176\000i\000t\000\341\000\040\000l\000i\000t\000e\000r\000a\000t\000\372\000r\000a}{}% 58
\BOOKMARK [0][-]{chapter*.19}{\376\377\000P\000o\000u\001\176\000i\000t\000\341\000\040\000l\000i\000t\000e\000r\000a\000t\000\372\000r\000a}{}% 59
