This is pdfTeX, Version 3.141592653-2.6-1.40.28 (MiKTeX 25.12) (preloaded format=pdflatex 2026.3.7)  8 MAR 2026 13:51
entering extended mode
 restricted \write18 enabled.
 file:line:error style messages enabled.
 %&-line parsing enabled.
**c:/Users/Wajdy/Documents/Kodovanie/BakalarkaText/diplomka.tex
(c:/Users/Wajdy/Documents/Kodovanie/BakalarkaText/diplomka.tex
LaTeX2e <2025-11-01>
L3 programming layer <2025-12-24>
(C:\Users\Wajdy\AppData\Local\Programs\MiKTeX\tex/latex/base\book.cls
Document Class: book 2025/01/22 v1.4n Standard LaTeX document class
(C:\Users\Wajdy\AppData\Local\Programs\MiKTeX\tex/latex/base\bk12.clo
File: bk12.clo 2025/01/22 v1.4n Standard LaTeX file (size option)
)
\c@part=\count275
\c@chapter=\count276
\c@section=\count277
\c@subsection=\count278
\c@subsubsection=\count279
\c@paragraph=\count280
\c@subparagraph=\count281
\c@figure=\count282
\c@table=\count283
\abovecaptionskip=\skip49
\belowcaptionskip=\skip50
\bibindent=\dimen148
)
(settings/layout_commands.tex
(C:\Users\Wajdy\AppData\Local\Programs\MiKTeX\tex/latex/xifthen\xifthen.sty
Package: xifthen 2015/11/05 v1.4.0 Extended ifthen features

(C:\Users\Wajdy\AppData\Local\Programs\MiKTeX\tex/latex/tools\calc.sty
Package: calc 2025/03/01 v4.3b Infix arithmetic (KKT,FJ)
\calc@Acount=\count284
\calc@Bcount=\count285
\calc@Adimen=\dimen149
\calc@Bdimen=\dimen150
\calc@Askip=\skip51
\calc@Bskip=\skip52
LaTeX Info: Redefining \setlength on input line 86.
LaTeX Info: Redefining \addtolength on input line 87.
\calc@Ccount=\count286
\calc@Cskip=\skip53
)
(C:\Users\Wajdy\AppData\Local\Programs\MiKTeX\tex/latex/base\ifthen.sty
Package: ifthen 2024/03/16 v1.1e Standard LaTeX ifthen package (DPC)
)
(C:\Users\Wajdy\AppData\Local\Programs\MiKTeX\tex/latex/ifmtarg\ifmtarg.sty
Package: ifmtarg 2018/04/16 v1.2b check for an empty argument
)))
(C:\Users\Wajdy\AppData\Local\Programs\MiKTeX\tex/generic/babel\babel.sty
Package: babel 2025/12/11 v25.17 The multilingual framework for LuaLaTeX, pdfLa
TeX and XeLaTeX
\babel@savecnt=\count287
LaTeX Encoding Info:    Redeclaring text command \ij (encoding OT1) on input li
ne 2068.
LaTeX Encoding Info:    Redeclaring text command \IJ (encoding OT1) on input li
ne 2070.
LaTeX Encoding Info:    Redeclaring text command \ij (encoding T1) on input lin
e 2072.
LaTeX Encoding Info:    Redeclaring text command \IJ (encoding T1) on input lin
e 2073.
LaTeX Encoding Info:    Ignoring declaration for text command \ij (encoding ?) 
on input line 2074.
LaTeX Encoding Info:    Ignoring declaration for text command \IJ (encoding ?) 
on input line 2076.
LaTeX Encoding Info:    Ignoring declaration for text command \SS (encoding ?) 
on input line 2101.
\U@D=\dimen151
\l@unhyphenated=\language79

(C:\Users\Wajdy\AppData\Local\Programs\MiKTeX\tex/generic/babel\txtbabel.def)
\bbl@readstream=\read2
\bbl@dirlevel=\count288
Package babel Info: Configuration files are deprecated, as
(babel)             they can break document portability.
(babel)             Reported on input line 4196.

*************************************
* Local config file bblopts.cfg used
*
(C:\Users\Wajdy\AppData\Local\Programs\MiKTeX\tex/latex/arabi\bblopts.cfg
File: bblopts.cfg 2005/09/08 v0.1 add Arabic and Farsi to "declared" options of
 babel
)
(C:\Users\Wajdy\AppData\Local\Programs\MiKTeX\tex/generic/babel/locale/sk\babel
-slovak.tex)
Package babel Info: Importing font and identification data for slovak
(babel)             from babel-sk.ini. Reported on input line 4320.

(C:\Users\Wajdy\AppData\Local\Programs\MiKTeX\tex/latex/babel-slovak\slovak.ldf
Language: slovak 2008/07/06 v3.1a Slovak support from the babel system
Package babel Info: Making ^ an active character on input line 123.
Package babel Info: Making " an active character on input line 126.
Package babel Info: Making ' an active character on input line 129.
\cs@wordlen=\count289
Package babel Info: Making - an active character on input line 294.
)) (C:\Users\Wajdy\AppData\Local\Programs\MiKTeX\tex/latex/base\inputenc.sty
Package: inputenc 2024/02/08 v1.3d Input encoding file
\inpenc@prehook=\toks17
\inpenc@posthook=\toks18
)
(C:\Users\Wajdy\AppData\Local\Programs\MiKTeX\tex/latex/base\fontenc.sty
Package: fontenc 2025/07/18 v2.1d Standard LaTeX package
)
(C:\Users\Wajdy\AppData\Local\Programs\MiKTeX\tex/latex/lm\lmodern.sty
Package: lmodern 2015/05/01 v1.6.1 Latin Modern Fonts
LaTeX Font Info:    Overwriting symbol font `operators' in version `normal'
(Font)                  OT1/cmr/m/n --> OT1/lmr/m/n on input line 22.
LaTeX Font Info:    Overwriting symbol font `letters' in version `normal'
(Font)                  OML/cmm/m/it --> OML/lmm/m/it on input line 23.
LaTeX Font Info:    Overwriting symbol font `symbols' in version `normal'
(Font)                  OMS/cmsy/m/n --> OMS/lmsy/m/n on input line 24.
LaTeX Font Info:    Overwriting symbol font `largesymbols' in version `normal'
(Font)                  OMX/cmex/m/n --> OMX/lmex/m/n on input line 25.
LaTeX Font Info:    Overwriting symbol font `operators' in version `bold'
(Font)                  OT1/cmr/bx/n --> OT1/lmr/bx/n on input line 26.
LaTeX Font Info:    Overwriting symbol font `letters' in version `bold'
(Font)                  OML/cmm/b/it --> OML/lmm/b/it on input line 27.
LaTeX Font Info:    Overwriting symbol font `symbols' in version `bold'
(Font)                  OMS/cmsy/b/n --> OMS/lmsy/b/n on input line 28.
LaTeX Font Info:    Overwriting symbol font `largesymbols' in version `bold'
(Font)                  OMX/cmex/m/n --> OMX/lmex/m/n on input line 29.
LaTeX Font Info:    Overwriting math alphabet `\mathbf' in version `normal'
(Font)                  OT1/cmr/bx/n --> OT1/lmr/bx/n on input line 31.
LaTeX Font Info:    Overwriting math alphabet `\mathsf' in version `normal'
(Font)                  OT1/cmss/m/n --> OT1/lmss/m/n on input line 32.
LaTeX Font Info:    Overwriting math alphabet `\mathit' in version `normal'
(Font)                  OT1/cmr/m/it --> OT1/lmr/m/it on input line 33.
LaTeX Font Info:    Overwriting math alphabet `\mathtt' in version `normal'
(Font)                  OT1/cmtt/m/n --> OT1/lmtt/m/n on input line 34.
LaTeX Font Info:    Overwriting math alphabet `\mathbf' in version `bold'
(Font)                  OT1/cmr/bx/n --> OT1/lmr/bx/n on input line 35.
LaTeX Font Info:    Overwriting math alphabet `\mathsf' in version `bold'
(Font)                  OT1/cmss/bx/n --> OT1/lmss/bx/n on input line 36.
LaTeX Font Info:    Overwriting math alphabet `\mathit' in version `bold'
(Font)                  OT1/cmr/bx/it --> OT1/lmr/bx/it on input line 37.
LaTeX Font Info:    Overwriting math alphabet `\mathtt' in version `bold'
(Font)                  OT1/cmtt/m/n --> OT1/lmtt/m/n on input line 38.
)
(settings/vut_style.tex
(C:\Users\Wajdy\AppData\Local\Programs\MiKTeX\tex/latex/pdfpages\pdfpages.sty
Package: pdfpages 2025/07/23 v0.6g Insert pages of external PDF documents (AM)

(C:\Users\Wajdy\AppData\Local\Programs\MiKTeX\tex/latex/eso-pic\eso-pic.sty
Package: eso-pic 2025/12/10 v3.0d eso-pic (RN)
\ESO@tempdima=\dimen152
\ESO@tempdimb=\dimen153

(C:\Users\Wajdy\AppData\Local\Programs\MiKTeX\tex/latex/graphics\keyval.sty
Package: keyval 2022/05/29 v1.15 key=value parser (DPC)
\KV@toks@=\toks19
)
(C:\Users\Wajdy\AppData\Local\Programs\MiKTeX\tex/latex/xcolor\xcolor.sty
Package: xcolor 2024/09/29 v3.02 LaTeX color extensions (UK)

(C:\Users\Wajdy\AppData\Local\Programs\MiKTeX\tex/latex/graphics-cfg\color.cfg
File: color.cfg 2016/01/02 v1.6 sample color configuration
)
Package xcolor Info: Driver file: pdftex.def on input line 274.

(C:\Users\Wajdy\AppData\Local\Programs\MiKTeX\tex/latex/graphics-def\pdftex.def
File: pdftex.def 2025/09/29 v1.2d Graphics/color driver for pdftex
)
(C:\Users\Wajdy\AppData\Local\Programs\MiKTeX\tex/latex/graphics\mathcolor.ltx)
Package xcolor Info: Model `cmy' substituted by `cmy0' on input line 1349.
Package xcolor Info: Model `hsb' substituted by `rgb' on input line 1353.
Package xcolor Info: Model `RGB' extended on input line 1365.
Package xcolor Info: Model `HTML' substituted by `rgb' on input line 1367.
Package xcolor Info: Model `Hsb' substituted by `hsb' on input line 1368.
Package xcolor Info: Model `tHsb' substituted by `hsb' on input line 1369.
Package xcolor Info: Model `HSB' substituted by `hsb' on input line 1370.
Package xcolor Info: Model `Gray' substituted by `gray' on input line 1371.
Package xcolor Info: Model `wave' substituted by `hsb' on input line 1372.
))
(C:\Users\Wajdy\AppData\Local\Programs\MiKTeX\tex/latex/etoolbox\etoolbox.sty
Package: etoolbox 2025/10/02 v2.5m e-TeX tools for LaTeX (JAW)
\etb@tempcnta=\count290
)
(C:\Users\Wajdy\AppData\Local\Programs\MiKTeX\tex/latex/graphics\graphicx.sty
Package: graphicx 2024/12/31 v1.2e Enhanced LaTeX Graphics (DPC,SPQR)

(C:\Users\Wajdy\AppData\Local\Programs\MiKTeX\tex/latex/graphics\graphics.sty
Package: graphics 2024/08/06 v1.4g Standard LaTeX Graphics (DPC,SPQR)

(C:\Users\Wajdy\AppData\Local\Programs\MiKTeX\tex/latex/graphics\trig.sty
Package: trig 2023/12/02 v1.11 sin cos tan (DPC)
)
(C:\Users\Wajdy\AppData\Local\Programs\MiKTeX\tex/latex/graphics-cfg\graphics.c
fg
File: graphics.cfg 2016/06/04 v1.11 sample graphics configuration
)
Package graphics Info: Driver file: pdftex.def on input line 106.
)
\Gin@req@height=\dimen154
\Gin@req@width=\dimen155
)
\AM@pagewidth=\dimen156
\AM@pageheight=\dimen157
\AM@fboxrule=\dimen158

(C:\Users\Wajdy\AppData\Local\Programs\MiKTeX\tex/latex/pdfpages\pppdftex.def
File: pppdftex.def 2025/07/23 v0.6g Pdfpages driver for pdfTeX (AM)
)
\pdfpages@includegraphics@status=\count291
\AM@pagebox=\box53
\AM@global@opts=\toks20
\AM@pagecnt=\count292
\AM@toc@title=\toks21
\AM@lof@heading=\toks22
\c@AM@survey=\count293
\AM@templatesizebox=\box54
) (C:\Users\Wajdy\AppData\Local\Programs\MiKTeX\tex/latex/fancyhdr\fancyhdr.sty
Package: fancyhdr 2025/02/07 v5.2 Extensive control of page headers and footers

\f@nch@headwidth=\skip54
\f@nch@offset@elh=\skip55
\f@nch@offset@erh=\skip56
\f@nch@offset@olh=\skip57
\f@nch@offset@orh=\skip58
\f@nch@offset@elf=\skip59
\f@nch@offset@erf=\skip60
\f@nch@offset@olf=\skip61
\f@nch@offset@orf=\skip62
\f@nch@height=\skip63
\f@nch@footalignment=\skip64
\f@nch@widthL=\skip65
\f@nch@widthC=\skip66
\f@nch@widthR=\skip67
\@temptokenb=\toks23
) (C:\Users\Wajdy\AppData\Local\Programs\MiKTeX\tex/latex/lastpage\lastpage.sty
Package: lastpage 2025/08/14 v2.1h lastpage: 2.09 or 2e? (HMM)

(C:\Users\Wajdy\AppData\Local\Programs\MiKTeX\tex/latex/lastpage\lastpage2e.sty
Package: lastpage2e 2025/08/14 v2.1h Decide which 2e lastpage version to use (H
MM)

(C:\Users\Wajdy\AppData\Local\Programs\MiKTeX\tex/latex/lastpage\lastpagemodern
.sty
Package: lastpagemodern 2025-08-14 v2.1h Refers to last page's name (HMM; JPG)
\c@lastpagecount=\count294
) 
))
(C:\Users\Wajdy\AppData\Local\Programs\MiKTeX\tex/latex/titlesec\titlesec.sty
Package: titlesec 2025/01/04 v2.17 Sectioning titles
\ttl@box=\box55
\beforetitleunit=\skip68
\aftertitleunit=\skip69
\ttl@plus=\dimen159
\ttl@minus=\dimen160
\ttl@toksa=\toks24
\titlewidth=\dimen161
\titlewidthlast=\dimen162
\titlewidthfirst=\dimen163
)
(C:\Users\Wajdy\AppData\Local\Programs\MiKTeX\tex/latex/lipsum\lipsum.sty
(C:\Users\Wajdy\AppData\Local\Programs\MiKTeX\tex/latex/l3packages/l3keys2e\l3k
eys2e.sty
(C:\Users\Wajdy\AppData\Local\Programs\MiKTeX\tex/latex/l3kernel\expl3.sty
Package: expl3 2025-12-24 L3 programming layer (loader) 

(C:\Users\Wajdy\AppData\Local\Programs\MiKTeX\tex/latex/l3backend\l3backend-pdf
tex.def
File: l3backend-pdftex.def 2025-10-09 L3 backend support: PDF output (pdfTeX)
\l__color_backend_stack_int=\count295
))
Package: l3keys2e 2025-10-09 LaTeX2e option processing using LaTeX3 keys
)
Package: lipsum 2021-09-20 v2.7 150 paragraphs of Lorem Ipsum dummy text
\g__lipsum_par_int=\count296
\l__lipsum_a_int=\count297
\l__lipsum_b_int=\count298

(C:\Users\Wajdy\AppData\Local\Programs\MiKTeX\tex/latex/lipsum\lipsum.ltd.tex))

(C:\Users\Wajdy\AppData\Local\Programs\MiKTeX\tex/latex/tocbibind\tocbibind.sty
Package: tocbibind 2010/10/13 v1.5k extra ToC listings
Package tocbibind Info: The document has chapter divisions on input line 50.

Package tocbibind Note: Using chapter style headings, unless overridden.

) (mcode.sty
-- Package: `mcode' 2.7 <2015/11/11> --
Package: mcode 2015/11/11 2.7
 - settings optimized for display (colour formating)
 - framed listings
(C:\Users\Wajdy\AppData\Local\Programs\MiKTeX\tex/latex/listings\listings.sty
\lst@mode=\count299
\lst@gtempboxa=\box56
\lst@token=\toks25
\lst@length=\count300
\lst@currlwidth=\dimen164
\lst@column=\count301
\lst@pos=\count302
\lst@lostspace=\dimen165
\lst@width=\dimen166
\lst@newlines=\count303
\lst@lineno=\count304
\lst@maxwidth=\dimen167

(C:\Users\Wajdy\AppData\Local\Programs\MiKTeX\tex/latex/listings\lstpatch.sty
File: lstpatch.sty 2025/11/14 1.11b (Carsten Heinz)
)
(C:\Users\Wajdy\AppData\Local\Programs\MiKTeX\tex/latex/listings\lstmisc.sty
File: lstmisc.sty 2025/11/14 1.11b (Carsten Heinz)
\c@lstnumber=\count305
\lst@skipnumbers=\count306
\lst@framebox=\box57
)
(C:\Users\Wajdy\AppData\Local\Programs\MiKTeX\tex/latex/listings\listings.cfg
File: listings.cfg 2025/11/14 1.11b listings configuration
))
Package: listings 2025/11/14 1.11b (Carsten Heinz)
==> First Aid for listings.sty no longer applied!
    Expected:
        2024/09/23 1.10c (Carsten Heinz)
    but found:
        2025/11/14 1.11b (Carsten Heinz)
    so I'm assuming it got fixed.
)
(C:\Users\Wajdy\AppData\Local\Programs\MiKTeX\tex/latex/mathtools\mathtools.sty
Package: mathtools 2024/10/04 v1.31 mathematical typesetting tools
(C:\Users\Wajdy\AppData\Local\Programs\MiKTeX\tex/latex/mathtools\mhsetup.sty
Package: mhsetup 2021/03/18 v1.4 programming setup (MH)
)
(C:\Users\Wajdy\AppData\Local\Programs\MiKTeX\tex/latex/amsmath\amsmath.sty
Package: amsmath 2025/07/09 v2.17z AMS math features
\@mathmargin=\skip70

For additional information on amsmath, use the `?' option.
(C:\Users\Wajdy\AppData\Local\Programs\MiKTeX\tex/latex/amsmath\amstext.sty
Package: amstext 2024/11/17 v2.01 AMS text

(C:\Users\Wajdy\AppData\Local\Programs\MiKTeX\tex/latex/amsmath\amsgen.sty
File: amsgen.sty 1999/11/30 v2.0 generic functions
\@emptytoks=\toks26
\ex@=\dimen168
))
(C:\Users\Wajdy\AppData\Local\Programs\MiKTeX\tex/latex/amsmath\amsbsy.sty
Package: amsbsy 1999/11/29 v1.2d Bold Symbols
\pmbraise@=\dimen169
)
(C:\Users\Wajdy\AppData\Local\Programs\MiKTeX\tex/latex/amsmath\amsopn.sty
Package: amsopn 2022/04/08 v2.04 operator names
)
\inf@bad=\count307
LaTeX Info: Redefining \frac on input line 233.
\uproot@=\count308
\leftroot@=\count309
LaTeX Info: Redefining \overline on input line 398.
LaTeX Info: Redefining \colon on input line 409.
\classnum@=\count310
\DOTSCASE@=\count311
LaTeX Info: Redefining \ldots on input line 495.
LaTeX Info: Redefining \dots on input line 498.
LaTeX Info: Redefining \cdots on input line 619.
\Mathstrutbox@=\box58
\strutbox@=\box59
LaTeX Info: Redefining \big on input line 721.
LaTeX Info: Redefining \Big on input line 722.
LaTeX Info: Redefining \bigg on input line 723.
LaTeX Info: Redefining \Bigg on input line 724.
\big@size=\dimen170
LaTeX Font Info:    Redeclaring font encoding OML on input line 742.
LaTeX Font Info:    Redeclaring font encoding OMS on input line 743.
\macc@depth=\count312
LaTeX Info: Redefining \bmod on input line 904.
LaTeX Info: Redefining \pmod on input line 909.
LaTeX Info: Redefining \smash on input line 939.
LaTeX Info: Redefining \relbar on input line 969.
LaTeX Info: Redefining \Relbar on input line 970.
\c@MaxMatrixCols=\count313
\dotsspace@=\muskip17
\c@parentequation=\count314
\dspbrk@lvl=\count315
\tag@help=\toks27
\row@=\count316
\column@=\count317
\maxfields@=\count318
\andhelp@=\toks28
\eqnshift@=\dimen171
\alignsep@=\dimen172
\tagshift@=\dimen173
\tagwidth@=\dimen174
\totwidth@=\dimen175
\lineht@=\dimen176
\@envbody=\toks29
\multlinegap=\skip71
\multlinetaggap=\skip72
\mathdisplay@stack=\toks30
LaTeX Info: Redefining \[ on input line 2950.
LaTeX Info: Redefining \] on input line 2951.
)
\g_MT_multlinerow_int=\count319
\l_MT_multwidth_dim=\dimen177
\origjot=\skip73
\l_MT_shortvdotswithinadjustabove_dim=\dimen178
\l_MT_shortvdotswithinadjustbelow_dim=\dimen179
\l_MT_above_intertext_sep=\dimen180
\l_MT_below_intertext_sep=\dimen181
\l_MT_above_shortintertext_sep=\dimen182
\l_MT_below_shortintertext_sep=\dimen183
\xmathstrut@box=\box60
\xmathstrut@dim=\dimen184
)
(C:\Users\Wajdy\AppData\Local\Programs\MiKTeX\tex/latex/tools\multicol.sty
Package: multicol 2025/10/21 v2.0b multicolumn formatting (FMi)
\c@tracingmulticols=\count320
\mult@box=\box61
\multicol@leftmargin=\dimen185
\c@unbalance=\count321
\c@collectmore=\count322
\doublecol@number=\count323
\multicoltolerance=\count324
\multicolpretolerance=\count325
\full@width=\dimen186
\page@free=\dimen187
\premulticols=\dimen188
\postmulticols=\dimen189
\multicolsep=\skip74
\multicolbaselineskip=\skip75
\partial@page=\box62
\last@line=\box63
\mc@boxedresult=\box64
\maxbalancingoverflow=\dimen190
\mult@rightbox=\box65
\mult@grightbox=\box66
\mult@firstbox=\box67
\mult@gfirstbox=\box68
\@tempa=\box69
\@tempa=\box70
\@tempa=\box71
\@tempa=\box72
\@tempa=\box73
\@tempa=\box74
\@tempa=\box75
\@tempa=\box76
\@tempa=\box77
\@tempa=\box78
\@tempa=\box79
\@tempa=\box80
\@tempa=\box81
\@tempa=\box82
\@tempa=\box83
\@tempa=\box84
\@tempa=\box85
\@tempa=\box86
\@tempa=\box87
\@tempa=\box88
\@tempa=\box89
\@tempa=\box90
\@tempa=\box91
\@tempa=\box92
\@tempa=\box93
\@tempa=\box94
\@tempa=\box95
\@tempa=\box96
\@tempa=\box97
\@tempa=\box98
\@tempa=\box99
\@tempa=\box100
\@tempa=\box101
\@tempa=\box102
\@tempa=\box103
\@tempa=\box104
\c@minrows=\count326
\c@columnbadness=\count327
\c@finalcolumnbadness=\count328
\last@try=\dimen191
\multicolovershoot=\dimen192
\multicolundershoot=\dimen193
\mult@nat@firstbox=\box105
\colbreak@box=\box106
\mc@col@check@num=\count329
\g__mc_curr_col_int=\count330
)
(C:\Users\Wajdy\AppData\Local\Programs\MiKTeX\tex/latex/multirow\multirow.sty
Package: multirow 2024/11/12 v2.9 Span multiple rows of a table
\multirow@colwidth=\skip76
\multirow@cntb=\count331
\multirow@dima=\skip77
\bigstrutjot=\dimen194
)
(C:\Users\Wajdy\AppData\Local\Programs\MiKTeX\tex/latex/tools\bm.sty
Package: bm 2025/10/21 v1.2g Bold Symbol Support (DPC/FMi)
\symboldoperators=\mathgroup4
\symboldletters=\mathgroup5
\symboldsymbols=\mathgroup6
Package bm Info: No bold for \OMX/lmex/m/n, using \pmb.
LaTeX Font Info:    Redeclaring math alphabet \mathbf on input line 149.
)
(C:\Users\Wajdy\AppData\Local\Programs\MiKTeX\tex/latex/caption\caption.sty
Package: caption 2023/08/05 v3.6o Customizing captions (AR)

(C:\Users\Wajdy\AppData\Local\Programs\MiKTeX\tex/latex/caption\caption3.sty
Package: caption3 2023/07/31 v2.4d caption3 kernel (AR)
\caption@tempdima=\dimen195
\captionmargin=\dimen196
\caption@leftmargin=\dimen197
\caption@rightmargin=\dimen198
\caption@width=\dimen199
\caption@indent=\dimen256
\caption@parindent=\dimen257
\caption@hangindent=\dimen258
Package caption Info: Standard document class detected.
)
\c@caption@flags=\count332
\c@continuedfloat=\count333
Package caption Info: listings package is loaded.
)
(xstring.sty (xstring.tex
\@xs@message=\write3
\integerpart=\count334
\decimalpart=\count335
)
Package: xstring 2013/10/13  v1.7c  String manipulations (C Tellechea)
)
(C:\Users\Wajdy\AppData\Local\Programs\MiKTeX\tex/latex/float\float.sty
Package: float 2001/11/08 v1.3d Float enhancements (AL)
\c@float@type=\count336
\float@exts=\toks31
\float@box=\box107
\@float@everytoks=\toks32
\@floatcapt=\box108
)
(C:\Users\Wajdy\AppData\Local\Programs\MiKTeX\tex/latex/amsfonts\amssymb.sty
Package: amssymb 2013/01/14 v3.01 AMS font symbols

(C:\Users\Wajdy\AppData\Local\Programs\MiKTeX\tex/latex/amsfonts\amsfonts.sty
Package: amsfonts 2013/01/14 v3.01 Basic AMSFonts support
\symAMSa=\mathgroup7
\symAMSb=\mathgroup8
LaTeX Font Info:    Redeclaring math symbol \hbar on input line 98.
LaTeX Font Info:    Overwriting math alphabet `\mathfrak' in version `bold'
(Font)                  U/euf/m/n --> U/euf/b/n on input line 106.
))
(C:\Users\Wajdy\AppData\Local\Programs\MiKTeX\tex/latex/epstopdf-pkg\epstopdf.s
ty
Package: epstopdf 2020-01-24 v2.11 Conversion with epstopdf on the fly (HO)

(C:\Users\Wajdy\AppData\Local\Programs\MiKTeX\tex/generic/infwarerr\infwarerr.s
ty
Package: infwarerr 2019/12/03 v1.5 Providing info/warning/error messages (HO)
) (C:\Users\Wajdy\AppData\Local\Programs\MiKTeX\tex/latex/grfext\grfext.sty
Package: grfext 2019/12/03 v1.3 Manage graphics extensions (HO)

(C:\Users\Wajdy\AppData\Local\Programs\MiKTeX\tex/generic/kvdefinekeys\kvdefine
keys.sty
Package: kvdefinekeys 2019-12-19 v1.6 Define keys (HO)
))
(C:\Users\Wajdy\AppData\Local\Programs\MiKTeX\tex/latex/kvoptions\kvoptions.sty
Package: kvoptions 2022-06-15 v3.15 Key value format for package options (HO)
(C:\Users\Wajdy\AppData\Local\Programs\MiKTeX\tex/generic/ltxcmds\ltxcmds.sty
Package: ltxcmds 2023-12-04 v1.26 LaTeX kernel commands for general use (HO)
)
(C:\Users\Wajdy\AppData\Local\Programs\MiKTeX\tex/latex/kvsetkeys\kvsetkeys.sty
Package: kvsetkeys 2022-10-05 v1.19 Key value parser (HO)
))
(C:\Users\Wajdy\AppData\Local\Programs\MiKTeX\tex/generic/pdftexcmds\pdftexcmds
.sty
Package: pdftexcmds 2020-06-27 v0.33 Utility functions of pdfTeX for LuaTeX (HO
)
 (C:\Users\Wajdy\AppData\Local\Programs\MiKTeX\tex/generic/iftex\iftex.sty
Package: iftex 2024/12/12 v1.0g TeX engine tests
)
Package pdftexcmds Info: \pdf@primitive is available.
Package pdftexcmds Info: \pdf@ifprimitive is available.
Package pdftexcmds Info: \pdfdraftmode found.
)
(C:\Users\Wajdy\AppData\Local\Programs\MiKTeX\tex/latex/epstopdf-pkg\epstopdf-b
ase.sty
Package: epstopdf-base 2020-01-24 v2.11 Base part for package epstopdf
Package epstopdf-base Info: Redefining graphics rule for `.eps' on input line 4
85.
Package grfext Info: Graphics extension search list:
(grfext)             [.pdf,.png,.jpg,.mps,.jpeg,.jbig2,.jb2,.PDF,.PNG,.JPG,.JPE
G,.JBIG2,.JB2,.eps]
(grfext)             \AppendGraphicsExtensions on input line 504.

(C:\Users\Wajdy\AppData\Local\Programs\MiKTeX\tex/latex/00miktex\epstopdf-sys.c
fg
File: epstopdf-sys.cfg 2021/03/18 v2.0 Configuration of epstopdf for MiKTeX
)))
(C:\Users\Wajdy\AppData\Local\Programs\MiKTeX\tex/latex/enumitem\enumitem.sty
Package: enumitem 2025/02/06 v3.11 Customized lists
\labelindent=\skip78
\enit@outerparindent=\dimen259
\enit@toks=\toks33
\enit@inbox=\box109
\enit@count@id=\count337
\enitdp@description=\count338
)
(C:\Users\Wajdy\AppData\Local\Programs\MiKTeX\tex/latex/bbding\bbding.sty
Package: bbding 1999/04/15 v1.01 Dingbats symbols
)
(C:\Users\Wajdy\AppData\Local\Programs\MiKTeX\tex/latex/setspace\setspace.sty
Package: setspace 2022/12/04 v6.7b set line spacing
)
(C:\Users\Wajdy\AppData\Local\Programs\MiKTeX\tex/latex/footmisc\footmisc.sty
Package: footmisc 2025/05/09 v7.0b a miscellany of footnote facilities
\FN@temptoken=\toks34
\footnotemargin=\dimen260
Package footmisc Info: Declaring symbol style bringhurst on input line 549.
Package footmisc Info: Declaring symbol style chicago on input line 557.
Package footmisc Info: Declaring symbol style wiley on input line 566.
Package footmisc Info: Declaring symbol style lamport-robust on input line 577.

Package footmisc Info: Declaring symbol style lamport* on input line 597.
Package footmisc Info: Declaring symbol style lamport*-robust on input line 618
.
)
(C:\Users\Wajdy\AppData\Local\Programs\MiKTeX\tex/latex/geometry\geometry.sty
Package: geometry 2020/01/02 v5.9 Page Geometry

(C:\Users\Wajdy\AppData\Local\Programs\MiKTeX\tex/generic/iftex\ifvtex.sty
Package: ifvtex 2019/10/25 v1.7 ifvtex legacy package. Use iftex instead.
)
\Gm@cnth=\count339
\Gm@cntv=\count340
\c@Gm@tempcnt=\count341
\Gm@bindingoffset=\dimen261
\Gm@wd@mp=\dimen262
\Gm@odd@mp=\dimen263
\Gm@even@mp=\dimen264
\Gm@layoutwidth=\dimen265
\Gm@layoutheight=\dimen266
\Gm@layouthoffset=\dimen267
\Gm@layoutvoffset=\dimen268
\Gm@dimlist=\toks35

(C:\Users\Wajdy\AppData\Local\Programs\MiKTeX\tex/latex/geometry\geometry.cfg))
(C:\Users\Wajdy\AppData\Local\Programs\MiKTeX\tex/latex/hyperref\hyperref.sty
Package: hyperref 2025-07-12 v7.01o Hypertext links for LaTeX

(C:\Users\Wajdy\AppData\Local\Programs\MiKTeX\tex/generic/pdfescape\pdfescape.s
ty
Package: pdfescape 2019/12/09 v1.15 Implements pdfTeX's escape features (HO)
) (C:\Users\Wajdy\AppData\Local\Programs\MiKTeX\tex/latex/hycolor\hycolor.sty
Package: hycolor 2020-01-27 v1.10 Color options for hyperref/bookmark (HO)
) (C:\Users\Wajdy\AppData\Local\Programs\MiKTeX\tex/latex/hyperref\nameref.sty
Package: nameref 2025-06-21 v2.57 Cross-referencing by name of section

(C:\Users\Wajdy\AppData\Local\Programs\MiKTeX\tex/latex/refcount\refcount.sty
Package: refcount 2019/12/15 v3.6 Data extraction from label references (HO)
)
(C:\Users\Wajdy\AppData\Local\Programs\MiKTeX\tex/generic/gettitlestring\gettit
lestring.sty
Package: gettitlestring 2019/12/15 v1.6 Cleanup title references (HO)
)
\c@section@level=\count342
)
(C:\Users\Wajdy\AppData\Local\Programs\MiKTeX\tex/generic/stringenc\stringenc.s
ty
Package: stringenc 2019/11/29 v1.12 Convert strings between diff. encodings (HO
)
)
\@linkdim=\dimen269
\Hy@linkcounter=\count343
\Hy@pagecounter=\count344
 (C:\Users\Wajdy\AppData\Local\Programs\MiKTeX\tex/latex/hyperref\pd1enc.def
File: pd1enc.def 2025-07-12 v7.01o Hyperref: PDFDocEncoding definition (HO)
Now handling font encoding PD1 ...
... no UTF-8 mapping file for font encoding PD1
) (C:\Users\Wajdy\AppData\Local\Programs\MiKTeX\tex/generic/intcalc\intcalc.sty
Package: intcalc 2019/12/15 v1.3 Expandable calculations with integers (HO)
)
\Hy@SavedSpaceFactor=\count345
 (C:\Users\Wajdy\AppData\Local\Programs\MiKTeX\tex/latex/hyperref\puenc.def
File: puenc.def 2025-07-12 v7.01o Hyperref: PDF Unicode definition (HO)
Now handling font encoding PU ...
... no UTF-8 mapping file for font encoding PU
)
Package hyperref Info: Option `colorlinks' set `true' on input line 4066.
Package hyperref Info: Option `breaklinks' set `true' on input line 4066.
Package hyperref Info: Option `unicode' set `true' on input line 4066.
Package hyperref Info: Hyper figures OFF on input line 4195.
Package hyperref Info: Link nesting OFF on input line 4200.
Package hyperref Info: Hyper index ON on input line 4203.
Package hyperref Info: Plain pages OFF on input line 4210.
Package hyperref Info: Backreferencing OFF on input line 4215.
Package hyperref Info: Implicit mode ON; LaTeX internals redefined.
Package hyperref Info: Bookmarks ON on input line 4462.
\c@Hy@tempcnt=\count346

(C:\Users\Wajdy\AppData\Local\Programs\MiKTeX\tex/latex/url\url.sty
\Urlmuskip=\muskip18
Package: url 2013/09/16  ver 3.4  Verb mode for urls, etc.
)
LaTeX Info: Redefining \url on input line 4801.
\XeTeXLinkMargin=\dimen270

(C:\Users\Wajdy\AppData\Local\Programs\MiKTeX\tex/generic/bitset\bitset.sty
Package: bitset 2019/12/09 v1.3 Handle bit-vector datatype (HO)

(C:\Users\Wajdy\AppData\Local\Programs\MiKTeX\tex/generic/bigintcalc\bigintcalc
.sty
Package: bigintcalc 2019/12/15 v1.5 Expandable calculations on big integers (HO
)
))
\Fld@menulength=\count347
\Field@Width=\dimen271
\Fld@charsize=\dimen272
Package hyperref Info: Hyper figures OFF on input line 6078.
Package hyperref Info: Link nesting OFF on input line 6083.
Package hyperref Info: Hyper index ON on input line 6086.
Package hyperref Info: backreferencing OFF on input line 6093.
Package hyperref Info: Link coloring ON on input line 6096.
Package hyperref Info: Link coloring with OCG OFF on input line 6103.
Package hyperref Info: PDF/A mode OFF on input line 6108.
\Hy@abspage=\count348
\c@Item=\count349
\c@Hfootnote=\count350
)
Package hyperref Info: Driver (autodetected): hpdftex.

(C:\Users\Wajdy\AppData\Local\Programs\MiKTeX\tex/latex/hyperref\hpdftex.def
File: hpdftex.def 2025-07-12 v7.01o Hyperref driver for pdfTeX
\Fld@listcount=\count351
\c@bookmark@seq@number=\count352

(C:\Users\Wajdy\AppData\Local\Programs\MiKTeX\tex/latex/rerunfilecheck\rerunfil
echeck.sty
Package: rerunfilecheck 2025-06-21 v1.11 Rerun checks for auxiliary files (HO)

(C:\Users\Wajdy\AppData\Local\Programs\MiKTeX\tex/generic/uniquecounter\uniquec
ounter.sty
Package: uniquecounter 2019/12/15 v1.4 Provide unlimited unique counter (HO)
)
Package uniquecounter Info: New unique counter `rerunfilecheck' on input line 2
84.
)
\Hy@SectionHShift=\skip79
))
(C:\Users\Wajdy\AppData\Local\Programs\MiKTeX\tex/latex/csquotes\csquotes.sty
Package: csquotes 2024-04-04 v5.2o context-sensitive quotations (JAW)
\csq@reset=\count353
\csq@gtype=\count354
\csq@glevel=\count355
\csq@qlevel=\count356
\csq@maxlvl=\count357
\csq@tshold=\count358
\csq@ltx@everypar=\toks36

(C:\Users\Wajdy\AppData\Local\Programs\MiKTeX\tex/latex/csquotes\csquotes.def
File: csquotes.def 2024-04-04 v5.2o csquotes generic definitions (JAW)
)
Package csquotes Info: Trying to load configuration file 'csquotes.cfg'...
Package csquotes Info: ... configuration file loaded successfully.

(C:\Users\Wajdy\AppData\Local\Programs\MiKTeX\tex/latex/csquotes\csquotes.cfg
File: csquotes.cfg 
)) (C:\Users\Wajdy\AppData\Local\Programs\MiKTeX\tex/latex/biblatex\biblatex.st
y
Package: biblatex 2025/07/10 v3.21 programmable bibliographies (PK/MW)

(C:\Users\Wajdy\AppData\Local\Programs\MiKTeX\tex/latex/logreq\logreq.sty
Package: logreq 2010/08/04 v1.0 xml request logger
\lrq@indent=\count359

(C:\Users\Wajdy\AppData\Local\Programs\MiKTeX\tex/latex/logreq\logreq.def
File: logreq.def 2010/08/04 v1.0 logreq spec v1.0
))
\c@tabx@nest=\count360
\c@listtotal=\count361
\c@listcount=\count362
\c@liststart=\count363
\c@liststop=\count364
\c@citecount=\count365
\c@citetotal=\count366
\c@multicitecount=\count367
\c@multicitetotal=\count368
\c@instcount=\count369
\c@maxnames=\count370
\c@minnames=\count371
\c@maxitems=\count372
\c@minitems=\count373
\c@citecounter=\count374
\c@maxcitecounter=\count375
\c@savedcitecounter=\count376
\c@uniquelist=\count377
\c@uniquename=\count378
\c@refsection=\count379
\c@refsegment=\count380
\c@maxextratitle=\count381
\c@maxextratitleyear=\count382
\c@maxextraname=\count383
\c@maxextradate=\count384
\c@maxextraalpha=\count385
\c@abbrvpenalty=\count386
\c@highnamepenalty=\count387
\c@lownamepenalty=\count388
\c@maxparens=\count389
\c@parenlevel=\count390
\blx@tempcnta=\count391
\blx@tempcntb=\count392
\blx@tempcntc=\count393
\c@blx@maxsection=\count394
\blx@maxsegment@0=\count395
\blx@notetype=\count396
\blx@parenlevel@text=\count397
\blx@parenlevel@foot=\count398
\blx@sectionciteorder@0=\count399
\blx@sectionciteorderinternal@0=\count400
\blx@entrysetcounter=\count401
\blx@biblioinstance=\count402
\labelnumberwidth=\skip80
\labelalphawidth=\skip81
\biblabelsep=\skip82
\bibitemsep=\skip83
\bibnamesep=\skip84
\bibinitsep=\skip85
\bibparsep=\skip86
\bibhang=\skip87
\blx@bcfin=\read3
\blx@bcfout=\write4
\blx@langwohyphens=\language80
\c@mincomprange=\count403
\c@maxcomprange=\count404
\c@mincompwidth=\count405
Package biblatex Info: Trying to load biblatex default data model...
Package biblatex Info: ... file 'blx-dm.def' found.

(C:\Users\Wajdy\AppData\Local\Programs\MiKTeX\tex/latex/biblatex\blx-dm.def
File: blx-dm.def 2025/07/10 v3.21 biblatex datamodel (PK/MW)
)
Package biblatex Info: Trying to load biblatex style data model...
Package biblatex Info: ... file 'iso-numeric.dbx' found.

(C:\Users\Wajdy\AppData\Local\Programs\MiKTeX\tex/latex/biblatex-iso690\iso-num
eric.dbx
File: iso-numeric.dbx 2022/03/20 v0.4.1 ISO 690 biblatex data model extension
)
Package biblatex Info: Trying to load biblatex custom data model...
Package biblatex Info: ... file 'biblatex-dm.cfg' not found.
\c@afterword=\count406
\c@savedafterword=\count407
\c@annotator=\count408
\c@savedannotator=\count409
\c@author=\count410


LaTeX Warning: Command `\theauthor' already defined -- not changed on input lin
e 7668.

\c@savedauthor=\count411
\c@bookauthor=\count412
\c@savedbookauthor=\count413
\c@commentator=\count414
\c@savedcommentator=\count415
\c@editor=\count416
\c@savededitor=\count417
\c@editora=\count418
\c@savededitora=\count419
\c@editorb=\count420
\c@savededitorb=\count421
\c@editorc=\count422
\c@savededitorc=\count423
\c@foreword=\count424
\c@savedforeword=\count425
\c@holder=\count426
\c@savedholder=\count427
\c@introduction=\count428
\c@savedintroduction=\count429
\c@namea=\count430
\c@savednamea=\count431
\c@nameb=\count432
\c@savednameb=\count433
\c@namec=\count434
\c@savednamec=\count435
\c@translator=\count436
\c@savedtranslator=\count437
\c@shortauthor=\count438
\c@savedshortauthor=\count439
\c@shorteditor=\count440
\c@savedshorteditor=\count441
\c@supervisor=\count442
\c@savedsupervisor=\count443
\c@labelname=\count444
\c@savedlabelname=\count445
\c@institution=\count446
\c@savedinstitution=\count447
\c@lista=\count448
\c@savedlista=\count449
\c@listb=\count450
\c@savedlistb=\count451
\c@listc=\count452
\c@savedlistc=\count453
\c@listd=\count454
\c@savedlistd=\count455
\c@liste=\count456
\c@savedliste=\count457
\c@listf=\count458
\c@savedlistf=\count459
\c@location=\count460
\c@savedlocation=\count461
\c@organization=\count462
\c@savedorganization=\count463
\c@origlocation=\count464
\c@savedoriglocation=\count465
\c@origpublisher=\count466
\c@savedorigpublisher=\count467
\c@publisher=\count468
\c@savedpublisher=\count469
\c@language=\count470

LaTeX Warning: Command `\thelanguage' already defined -- not changed on input l
ine 7670.

\c@savedlanguage=\count471
\c@origlanguage=\count472
\c@savedoriglanguage=\count473
\c@pageref=\count474
\c@savedpageref=\count475
\shorthandwidth=\skip88
\shortjournalwidth=\skip89
\shortserieswidth=\skip90
\shorttitlewidth=\skip91
\shortauthorwidth=\skip92
\shorteditorwidth=\skip93
\locallabelnumberwidth=\skip94
\locallabelalphawidth=\skip95
\localshorthandwidth=\skip96
\localshortjournalwidth=\skip97
\localshortserieswidth=\skip98
\localshorttitlewidth=\skip99
\localshortauthorwidth=\skip100
\localshorteditorwidth=\skip101
Package biblatex Info: Trying to load compatibility code...
Package biblatex Info: ... file 'blx-compat.def' found.

(C:\Users\Wajdy\AppData\Local\Programs\MiKTeX\tex/latex/biblatex\blx-compat.def
File: blx-compat.def 2025/07/10 v3.21 biblatex compatibility (PK/MW)
)
Package biblatex Info: Trying to load generic definitions...
Package biblatex Info: ... file 'biblatex.def' found.
 (C:\Users\Wajdy\AppData\Local\Programs\MiKTeX\tex/latex/biblatex\biblatex.def
File: biblatex.def 2025/07/10 v3.21 biblatex compatibility (PK/MW)
\c@textcitecount=\count476
\c@textcitetotal=\count477
\c@textcitemaxnames=\count478
\c@biburlbigbreakpenalty=\count479
\c@biburlbreakpenalty=\count480
\c@biburlnumpenalty=\count481
\c@biburlucpenalty=\count482
\c@biburllcpenalty=\count483
\biburlbigskip=\muskip19
\biburlnumskip=\muskip20
\biburlucskip=\muskip21
\biburllcskip=\muskip22
\c@smartand=\count484
)
Package biblatex Info: Trying to load bibliography style 'iso-numeric'...
Package biblatex Info: ... file 'iso-numeric.bbx' found.

(C:\Users\Wajdy\AppData\Local\Programs\MiKTeX\tex/latex/biblatex-iso690\iso-num
eric.bbx
File: iso-numeric.bbx 2022/03/20 v0.4.1 ISO 690 biblatex bibliography style
Package biblatex Info: Trying to load bibliography style 'iso'...
Package biblatex Info: ... file 'iso.bbx' found.

(C:\Users\Wajdy\AppData\Local\Programs\MiKTeX\tex/latex/biblatex-iso690\iso.bbx
File: iso.bbx 2022/03/20 v0.4.1 ISO 690 biblatex bibliography style
Package biblatex-iso690 Info: Space colon enabled: false.
Package biblatex-iso690 Info: Total pages enabled: false.
Package biblatex-iso690 Info: Short numeration enabled: false.
Package biblatex-iso690 Info: Thesis info in the notes section enabled: true.
Package biblatex-iso690 Info: URL field enabled: true.
Package biblatex-iso690 Info: ISBN field enabled: true.
Package biblatex-iso690 Info: DOI field enabled: true.
Package biblatex-iso690 Info: eprint field enabled: true.
Package biblatex-iso690 Info: Article publication info enabled: false.
Package biblatex-iso690 Info: Use current language for the bibliography: false.

Package biblatex-iso690 Info: Use no end dot for the bibliography entries: fals
e.
Package biblatex Info: Delimiter 'multinamedelim' in context '' already defined
, overwriting.
Package biblatex Info: Delimiter 'finalnamedelim' in context '' already defined
, overwriting.
Package biblatex Info: Delimiter 'editortypedelim' in context '' already define
d, overwriting.
Package biblatex Info: Delimiter 'authortypedelim' in context '' already define
d, overwriting.
))
Package biblatex Info: Trying to load citation style 'iso-numeric'...
Package biblatex Info: ... file 'iso-numeric.cbx' found.

(C:\Users\Wajdy\AppData\Local\Programs\MiKTeX\tex/latex/biblatex-iso690\iso-num
eric.cbx
File: iso-numeric.cbx 2022/03/20 v0.4.1 ISO 690 biblatex citation style
Package biblatex Info: Trying to load citation style 'numeric'...
Package biblatex Info: ... file 'numeric.cbx' found.

(C:\Users\Wajdy\AppData\Local\Programs\MiKTeX\tex/latex/biblatex/cbx\numeric.cb
x
File: numeric.cbx 2025/07/10 v3.21 biblatex citation style (PK/MW)
Package biblatex Info: Redefining '\cite'.
Package biblatex Info: Redefining '\parencite'.
Package biblatex Info: Redefining '\footcite'.
Package biblatex Info: Redefining '\footcitetext'.
Package biblatex Info: Redefining '\smartcite'.
Package biblatex Info: Redefining '\supercite'.
Package biblatex Info: Redefining '\textcite'.
Package biblatex Info: Redefining '\textcites'.
Package biblatex Info: Redefining '\cites'.
Package biblatex Info: Redefining '\parencites'.
Package biblatex Info: Redefining '\smartcites'.
)
Package biblatex Info: Trying to load citation style 'iso-fullcite'...
Package biblatex Info: ... file 'iso-fullcite.cbx' found.

(C:\Users\Wajdy\AppData\Local\Programs\MiKTeX\tex/latex/biblatex-iso690\iso-ful
lcite.cbx
File: iso-fullcite.cbx 2022/03/20 v0.4.1 ISO 690 biblatex fullcite modification
s
Package biblatex Info: Redefining '\fullcite'.
Package biblatex Info: Redefining '\footfullcite'.
)
Package biblatex Info: Redefining '\parencite'.
)
Package biblatex Info: Trying to load configuration file...
Package biblatex Info: ... file 'biblatex.cfg' found.

(C:\Users\Wajdy\AppData\Local\Programs\MiKTeX\tex/latex/biblatex\biblatex.cfg
File: biblatex.cfg 
)
Package biblatex Info: Input encoding 'utf8' detected.
Package biblatex Info: Document encoding is UTF8 ....
Package biblatex Info: ... and expl3
(biblatex)             2025-12-24 L3 programming layer (loader) 
(biblatex)             is new enough (at least 2020/04/06),
(biblatex)             setting 'casechanger=expl3'.

(C:\Users\Wajdy\AppData\Local\Programs\MiKTeX\tex/latex/biblatex\blx-case-expl3
.sty
(C:\Users\Wajdy\AppData\Local\Programs\MiKTeX\tex/latex/l3packages/xparse\xpars
e.sty
Package: xparse 2025-10-09 L3 Experimental document command parser
)
Package: blx-case-expl3 2025/07/10 v3.21 expl3 case changing code for biblatex
))
Package csquotes Info: Checking for multilingual support...
Package csquotes Info: ... found 'babel' package.
Package csquotes Info: Adjusting default style.
Package csquotes Info: Redefining alias 'default' -> 'slovak'.
LaTeX Font Info:    Trying to load font information for T1+lmr on input line 32
.
 (C:\Users\Wajdy\AppData\Local\Programs\MiKTeX\tex/latex/lm\t1lmr.fd
File: t1lmr.fd 2015/05/01 v1.6.1 Font defs for Latin Modern
)
(diplomka.aux
Package babel Info: 'slovak' activates 'slovak' shorthands.
(babel)             Reported on input line 12.
)
\openout1 = `diplomka.aux'.

LaTeX Font Info:    Checking defaults for OML/cmm/m/it on input line 32.
LaTeX Font Info:    ... okay on input line 32.
LaTeX Font Info:    Checking defaults for OMS/cmsy/m/n on input line 32.
LaTeX Font Info:    ... okay on input line 32.
LaTeX Font Info:    Checking defaults for OT1/cmr/m/n on input line 32.
LaTeX Font Info:    ... okay on input line 32.
LaTeX Font Info:    Checking defaults for T1/cmr/m/n on input line 32.
LaTeX Font Info:    ... okay on input line 32.
LaTeX Font Info:    Checking defaults for TS1/cmr/m/n on input line 32.
LaTeX Font Info:    ... okay on input line 32.
LaTeX Font Info:    Checking defaults for OMX/cmex/m/n on input line 32.
LaTeX Font Info:    ... okay on input line 32.
LaTeX Font Info:    Checking defaults for U/cmr/m/n on input line 32.
LaTeX Font Info:    ... okay on input line 32.
LaTeX Font Info:    Checking defaults for PD1/pdf/m/n on input line 32.
LaTeX Font Info:    ... okay on input line 32.
LaTeX Font Info:    Checking defaults for PU/pdf/m/n on input line 32.
LaTeX Font Info:    ... okay on input line 32.

(C:\Users\Wajdy\AppData\Local\Programs\MiKTeX\tex/context/base/mkii\supp-pdf.mk
ii
[Loading MPS to PDF converter (version 2006.09.02).]
\scratchcounter=\count485
\scratchdimen=\dimen273
\scratchbox=\box110
\nofMPsegments=\count486
\nofMParguments=\count487
\everyMPshowfont=\toks37
\MPscratchCnt=\count488
\MPscratchDim=\dimen274
\MPnumerator=\count489
\makeMPintoPDFobject=\count490
\everyMPtoPDFconversion=\toks38
)
(C:\Users\Wajdy\AppData\Local\Programs\MiKTeX\tex/latex/pdflscape\pdflscape.sty
Package: pdflscape 2022-10-27 v0.13 Display of landscape pages in PDF

(C:\Users\Wajdy\AppData\Local\Programs\MiKTeX\tex/latex/pdflscape\pdflscape-nom
etadata.sty
Package: pdflscape-nometadata 2022-10-28 v0.13 Display of landscape pages in PD
F (HO)

(C:\Users\Wajdy\AppData\Local\Programs\MiKTeX\tex/latex/graphics\lscape.sty
Package: lscape 2020/05/28 v3.02 Landscape Pages (DPC)
)
Package pdflscape Info: Auto-detected driver: pdftex on input line 81.
))
\c@lstlisting=\count491
Package caption Info: Begin \AtBeginDocument code.
Package caption Info: float package is loaded.
Package caption Info: hyperref package is loaded.
Package caption Info: End \AtBeginDocument code.

*geometry* driver: auto-detecting
*geometry* detected driver: pdftex
*geometry* verbose mode - [ preamble ] result:
* driver: pdftex
* paper: a4paper
* layout: <same size as paper>
* layoutoffset:(h,v)=(0.0pt,0.0pt)
* modes: twoside 
* h-part:(L,W,R)=(71.13188pt, 455.24411pt, 71.13188pt)
* v-part:(T,H,B)=(82.51282pt, 682.86623pt, 79.6678pt)
* \paperwidth=597.50787pt
* \paperheight=845.04684pt
* \textwidth=455.24411pt
* \textheight=682.86623pt
* \oddsidemargin=-1.1381pt
* \evensidemargin=-1.1381pt
* \topmargin=-21.63097pt
* \headheight=16.0pt
* \headsep=19.8738pt
* \topskip=12.0pt
* \footskip=30.0pt
* \marginparwidth=88.0pt
* \marginparsep=7.0pt
* \columnsep=10.0pt
* \skip\footins=10.8pt plus 4.0pt minus 2.0pt
* \hoffset=0.0pt
* \voffset=0.0pt
* \mag=1000
* \@twocolumnfalse
* \@twosidetrue
* \@mparswitchtrue
* \@reversemarginfalse
* (1in=72.27pt=25.4mm, 1cm=28.453pt)

Package hyperref Info: Link coloring ON on input line 32.
(diplomka.out) (diplomka.out)
\@outlinefile=\write5
\openout5 = `diplomka.out'.

Package biblatex Info: Trying to load language 'slovak' -> 'slovak-iso'...
Package biblatex Info: ... file 'slovak-iso.lbx' found.

(C:\Users\Wajdy\AppData\Local\Programs\MiKTeX\tex/latex/biblatex-iso690\slovak-
iso.lbx
File: slovak-iso.lbx 2022/03/20 v0.4.1 ISO 690 extended biblatex localization
Package biblatex Info: Trying to load language 'slovak'...
Package biblatex Info: ... file 'slovak.lbx' found.

(C:\Users\Wajdy\AppData\Local\Programs\MiKTeX\tex/latex/biblatex/lbx\slovak.lbx
File: slovak.lbx 2025/07/10 v3.21 biblatex localization (PK/MW)
)
Package biblatex Info: Trying to load language 'slovak'...
Package biblatex Info: ... file 'slovak.lbx' found.

(C:\Users\Wajdy\AppData\Local\Programs\MiKTeX\tex/latex/biblatex/lbx\slovak.lbx
File: slovak.lbx 2025/07/10 v3.21 biblatex localization (PK/MW)
))
Package biblatex Info: Input encoding 'utf8' detected.
Package biblatex Info: Automatic encoding selection.
(biblatex)             Assuming data encoding 'utf8'.
\openout4 = `diplomka.bcf'.

Package biblatex Info: Trying to load bibliographic data...
Package biblatex Info: ... file 'diplomka.bbl' not found.

No file diplomka.bbl.
Package biblatex Info: Reference section=0 on input line 32.
Package biblatex Info: Reference segment=0 on input line 32.


pdfTeX warning: pdflatex.exe (file ./pages/TitulniList_color.pdf): PDF inclusio
n: found PDF version <1.7>, but at most version <1.5> allowed
<pages/TitulniList_color.pdf, id=191, 597.51233pt x 845.0471pt>
File: pages/TitulniList_color.pdf Graphic file (type pdf)
<use pages/TitulniList_color.pdf>
Package pdftex.def Info: pages/TitulniList_color.pdf  used on input line 36.
(pdftex.def)             Requested size: 597.51086pt x 845.04504pt.


pdfTeX warning: pdflatex.exe (file ./pages/TitulniList_color.pdf): PDF inclusio
n: found PDF version <1.7>, but at most version <1.5> allowed


pdfTeX warning: pdflatex.exe (file ./pages/TitulniList_color.pdf): PDF inclusio
n: found PDF version <1.7>, but at most version <1.5> allowed
<pages/TitulniList_color.pdf, id=193, page=1, 597.51233pt x 845.0471pt>
File: pages/TitulniList_color.pdf Graphic file (type pdf)
<use pages/TitulniList_color.pdf, page 1>
Package pdftex.def Info: pages/TitulniList_color.pdf , page1 used on input line
 36.
(pdftex.def)             Requested size: 597.51086pt x 845.04504pt.
File: pages/TitulniList_color.pdf Graphic file (type pdf)
<use pages/TitulniList_color.pdf, page 1>
Package pdftex.def Info: pages/TitulniList_color.pdf , page1 used on input line
 36.
(pdftex.def)             Requested size: 597.53821pt x 845.08372pt.
File: pages/TitulniList_color.pdf Graphic file (type pdf)
<use pages/TitulniList_color.pdf, page 1>
Package pdftex.def Info: pages/TitulniList_color.pdf , page1 used on input line
 36.
(pdftex.def)             Requested size: 597.53821pt x 845.08372pt.
File: pages/TitulniList_color.pdf Graphic file (type pdf)
<use pages/TitulniList_color.pdf, page 1>
Package pdftex.def Info: pages/TitulniList_color.pdf , page1 used on input line
 36.
(pdftex.def)             Requested size: 597.53821pt x 845.08372pt.
File: pages/TitulniList_color.pdf Graphic file (type pdf)
<use pages/TitulniList_color.pdf, page 1>
Package pdftex.def Info: pages/TitulniList_color.pdf , page1 used on input line
 36.
(pdftex.def)             Requested size: 597.53821pt x 845.08372pt.
[1


 <./pages/TitulniList_color.pdf>]

pdfTeX warning: pdflatex.exe (file ./pages/zav_prace__b6f095a8f97b2441249eadcf3
ace6c18.pdf): PDF inclusion: found PDF version <1.7>, but at most version <1.5>
 allowed
<pages/zav_prace__b6f095a8f97b2441249eadcf3ace6c18.pdf, id=208, 597.51233pt x 8
45.0471pt>
File: pages/zav_prace__b6f095a8f97b2441249eadcf3ace6c18.pdf Graphic file (type 
pdf)
<use pages/zav_prace__b6f095a8f97b2441249eadcf3ace6c18.pdf>
Package pdftex.def Info: pages/zav_prace__b6f095a8f97b2441249eadcf3ace6c18.pdf 
 used on input line 36.
(pdftex.def)             Requested size: 597.51086pt x 845.04504pt.


pdfTeX warning: pdflatex.exe (file ./pages/zav_prace__b6f095a8f97b2441249eadcf3
ace6c18.pdf): PDF inclusion: found PDF version <1.7>, but at most version <1.5>
 allowed


pdfTeX warning: pdflatex.exe (file ./pages/zav_prace__b6f095a8f97b2441249eadcf3
ace6c18.pdf): PDF inclusion: found PDF version <1.7>, but at most version <1.5>
 allowed
<pages/zav_prace__b6f095a8f97b2441249eadcf3ace6c18.pdf, id=210, page=1, 597.512
33pt x 845.0471pt>
File: pages/zav_prace__b6f095a8f97b2441249eadcf3ace6c18.pdf Graphic file (type 
pdf)
<use pages/zav_prace__b6f095a8f97b2441249eadcf3ace6c18.pdf, page 1>
Package pdftex.def Info: pages/zav_prace__b6f095a8f97b2441249eadcf3ace6c18.pdf 
, page1 used on input line 36.
(pdftex.def)             Requested size: 597.51086pt x 845.04504pt.
File: pages/zav_prace__b6f095a8f97b2441249eadcf3ace6c18.pdf Graphic file (type 
pdf)
<use pages/zav_prace__b6f095a8f97b2441249eadcf3ace6c18.pdf, page 1>
Package pdftex.def Info: pages/zav_prace__b6f095a8f97b2441249eadcf3ace6c18.pdf 
, page1 used on input line 36.
(pdftex.def)             Requested size: 597.53821pt x 845.08372pt.
File: pages/zav_prace__b6f095a8f97b2441249eadcf3ace6c18.pdf Graphic file (type 
pdf)
<use pages/zav_prace__b6f095a8f97b2441249eadcf3ace6c18.pdf, page 1>
Package pdftex.def Info: pages/zav_prace__b6f095a8f97b2441249eadcf3ace6c18.pdf 
, page1 used on input line 36.
(pdftex.def)             Requested size: 597.53821pt x 845.08372pt.
File: pages/zav_prace__b6f095a8f97b2441249eadcf3ace6c18.pdf Graphic file (type 
pdf)
<use pages/zav_prace__b6f095a8f97b2441249eadcf3ace6c18.pdf, page 1>
Package pdftex.def Info: pages/zav_prace__b6f095a8f97b2441249eadcf3ace6c18.pdf 
, page1 used on input line 36.
(pdftex.def)             Requested size: 597.53821pt x 845.08372pt.
File: pages/zav_prace__b6f095a8f97b2441249eadcf3ace6c18.pdf Graphic file (type 
pdf)
<use pages/zav_prace__b6f095a8f97b2441249eadcf3ace6c18.pdf, page 1>
Package pdftex.def Info: pages/zav_prace__b6f095a8f97b2441249eadcf3ace6c18.pdf 
, page1 used on input line 36.
(pdftex.def)             Requested size: 597.53821pt x 845.08372pt.
[2

 <./pages/zav_prace__b6f095a8f97b2441249eadcf3ace6c18.pdf>]

pdfTeX warning: pdflatex.exe (file ./pages/zav_prace__b6f095a8f97b2441249eadcf3
ace6c18.pdf): PDF inclusion: found PDF version <1.7>, but at most version <1.5>
 allowed
<pages/zav_prace__b6f095a8f97b2441249eadcf3ace6c18.pdf, id=231, page=2, 597.512
33pt x 845.0471pt>
File: pages/zav_prace__b6f095a8f97b2441249eadcf3ace6c18.pdf Graphic file (type 
pdf)
<use pages/zav_prace__b6f095a8f97b2441249eadcf3ace6c18.pdf, page 2>
Package pdftex.def Info: pages/zav_prace__b6f095a8f97b2441249eadcf3ace6c18.pdf 
, page2 used on input line 36.
(pdftex.def)             Requested size: 597.53821pt x 845.08372pt.
File: pages/zav_prace__b6f095a8f97b2441249eadcf3ace6c18.pdf Graphic file (type 
pdf)
<use pages/zav_prace__b6f095a8f97b2441249eadcf3ace6c18.pdf, page 2>
Package pdftex.def Info: pages/zav_prace__b6f095a8f97b2441249eadcf3ace6c18.pdf 
, page2 used on input line 36.
(pdftex.def)             Requested size: 597.53821pt x 845.08372pt.
File: pages/zav_prace__b6f095a8f97b2441249eadcf3ace6c18.pdf Graphic file (type 
pdf)
<use pages/zav_prace__b6f095a8f97b2441249eadcf3ace6c18.pdf, page 2>
Package pdftex.def Info: pages/zav_prace__b6f095a8f97b2441249eadcf3ace6c18.pdf 
, page2 used on input line 36.
(pdftex.def)             Requested size: 597.53821pt x 845.08372pt.
[3

 <./pages/zav_prace__b6f095a8f97b2441249eadcf3ace6c18.pdf>]
Underfull \hbox (badness 10000) in paragraph at lines 47--47

 []

[4{C:/Users/Wajdy/AppData/Local/MiKTeX/fonts/map/pdftex/pdftex.map}{C:/Users/Wa
jdy/AppData/Local/Programs/MiKTeX/fonts/enc/dvips/lm/lm-ec.enc}] [5] [6]
(diplomka.toc
LaTeX Font Info:    Trying to load font information for OT1+lmr on input line 5
.

(C:\Users\Wajdy\AppData\Local\Programs\MiKTeX\tex/latex/lm\ot1lmr.fd
File: ot1lmr.fd 2015/05/01 v1.6.1 Font defs for Latin Modern
)
LaTeX Font Info:    Trying to load font information for OML+lmm on input line 5
.

(C:\Users\Wajdy\AppData\Local\Programs\MiKTeX\tex/latex/lm\omllmm.fd
File: omllmm.fd 2015/05/01 v1.6.1 Font defs for Latin Modern
)
LaTeX Font Info:    Trying to load font information for OMS+lmsy on input line 
5.

(C:\Users\Wajdy\AppData\Local\Programs\MiKTeX\tex/latex/lm\omslmsy.fd
File: omslmsy.fd 2015/05/01 v1.6.1 Font defs for Latin Modern
)
LaTeX Font Info:    Trying to load font information for OMX+lmex on input line 
5.

(C:\Users\Wajdy\AppData\Local\Programs\MiKTeX\tex/latex/lm\omxlmex.fd
File: omxlmex.fd 2015/05/01 v1.6.1 Font defs for Latin Modern
)
LaTeX Font Info:    External font `lmex10' loaded for size
(Font)              <12> on input line 5.
LaTeX Font Info:    External font `lmex10' loaded for size
(Font)              <8> on input line 5.
LaTeX Font Info:    External font `lmex10' loaded for size
(Font)              <6> on input line 5.
LaTeX Font Info:    Trying to load font information for U+msa on input line 5.

(C:\Users\Wajdy\AppData\Local\Programs\MiKTeX\tex/latex/amsfonts\umsa.fd
File: umsa.fd 2013/01/14 v3.01 AMS symbols A
)
LaTeX Font Info:    Trying to load font information for U+msb on input line 5.

(C:\Users\Wajdy\AppData\Local\Programs\MiKTeX\tex/latex/amsfonts\umsb.fd
File: umsb.fd 2013/01/14 v3.01 AMS symbols B
)
[7

])
\tf@toc=\write6
\openout6 = `diplomka.toc'.

 [8] (chapters/Uvod.tex
Kapitola 1.

LaTeX Warning: Citation 'plc_journal' on page 9 undefined on input line 2.

) (chapters/Resers.tex [9

]
Kapitola 2.
LaTeX Font Info:    Trying to load font information for TS1+lmr on input line 1
1.
(C:\Users\Wajdy\AppData\Local\Programs\MiKTeX\tex/latex/lm\ts1lmr.fd
File: ts1lmr.fd 2015/05/01 v1.6.1 Font defs for Latin Modern
)
<obr/Star_topology.png, id=312, 563.85657pt x 423.08063pt>
File: obr/Star_topology.png Graphic file (type png)
<use obr/Star_topology.png>
Package pdftex.def Info: obr/Star_topology.png  used on input line 20.
(pdftex.def)             Requested size: 207.58878pt x 155.7627pt.
<obr/Pyramid_topology.png, id=314, 563.85657pt x 381.67593pt>
File: obr/Pyramid_topology.png Graphic file (type png)
<use obr/Pyramid_topology.png>
Package pdftex.def Info: obr/Pyramid_topology.png  used on input line 26.
(pdftex.def)             Requested size: 207.58878pt x 140.51901pt.
 [10

{C:/Users/Wajdy/AppData/Local/Programs/MiKTeX/fonts/enc/dvips/lm/lm-ts1.enc} <.
/obr/Star_topology.png> <./obr/Pyramid_topology.png>]
Package babel Info: 'slovak' activates 'slovak' shorthands.
(babel)             Reported on input line 68.
 [11] [12] [13] [14]
Underfull \vbox (badness 10000) has occurred while \output is active []

 [15]
LaTeX Font Info:    Trying to load font information for T1+lmtt on input line 1
96.

(C:\Users\Wajdy\AppData\Local\Programs\MiKTeX\tex/latex/lm\t1lmtt.fd
File: t1lmtt.fd 2015/05/01 v1.6.1 Font defs for Latin Modern
))
(chapters/Architektura.tex [16]
Kapitola 3.
[17

] [18]
Overfull \hbox (0.23007pt too wide) in paragraph at lines 84--85
\T1/lmr/m/n/12 Opiera sa o zdie-©anú zo-stat-kovú (\T1/lmr/m/it/12 re-tai-ned\T
1/lmr/m/n/12 ) správu udr-ºia-vanú \T1/lmr/m/it/12 bro-ke-rom\T1/lmr/m/n/12 , k
to-rej okam-
 []

[19]) (chapters/Implementacia_hw.tex [20]
Kapitola 4.

Overfull \hbox (5.19806pt too wide) in paragraph at lines 11--12
[]\T1/lmr/bx/n/12 Umiestnenie a ko-nek-ti-vita: \T1/lmr/m/n/12 Cen-trálny mi-ni
-po-£í-ta£ Rasp-berry Pi je fy-zicky umiest-
 []


Overfull \hbox (46.22147pt too wide) in paragraph at lines 11--12
\T1/lmr/m/n/12 nený v tes-nej blíz-kosti au-di-ovi-zu-ál-nej tech-niky (na-prí-
klad priamo za mo-ni-to-rom/televízorom).
 []

[21

] [22{C:/Users/Wajdy/AppData/Local/Programs/MiKTeX/fonts/enc/dvips/lm/lm-rm.enc
}]

Package hyperref Warning: Token not allowed in a PDF string (Unicode):
(hyperref)                removing `\leavevmode@ifvmode' on input line 58.


Package hyperref Warning: Token not allowed in a PDF string (Unicode):
(hyperref)                \kern 1.95871pt
(hyperref)                removed on input line 58.

[23]) (chapters/Implementacia_sw.tex [24]
Kapitola 5.
LaTeX Font Info:    Font shape `T1/lmtt/bx/n' in size <12> not available
(Font)              Font shape `T1/lmtt/b/n' tried instead on input line 30.
[25

]
Overfull \hbox (2.0008pt too wide) in paragraph at lines 67--68
[]\T1/lmr/bx/n/12 Manuálne zá-sahy: \T1/lmr/m/n/12 Moº-nos´ in-te-rak-tívne spu
s-ti´/zastavi´ scénu (\T1/lmr/m/it/12 Mas-ter Over-
 []


Overfull \hbox (62.18108pt too wide) in paragraph at lines 68--69
[]\T1/lmr/m/n/12 ƒítanie ser-ve-ro-vých chy-bo-vých lo-gov pri-chá-dza-jú-cich 
v re-ál-nom £ase zo \T1/lmtt/m/n/12 ServiceContainer\T1/lmr/m/n/12 -
 []


Overfull \hbox (0.45964pt too wide) in paragraph at lines 80--81
[]\T1/lmtt/m/n/12 onEnter: \T1/lmr/m/n/12 Priame pole ak-cií (napr. mqtt prí-ka
zy alebo spus-te-nie zvuku s \T1/lmtt/m/n/12 audio:
 []

) (chapters/Experimenty.tex [26] [27]
Kapitola 6.

Overfull \hbox (0.85129pt too wide) in paragraph at lines 27--28
[]\T1/lmr/bx/n/12 Priebeh: \T1/lmr/m/n/12 Sys-tém mu-sel pre-hra´ mul-ti-me-diá
lny au-di-ovi-zu-álny ob-sah sú-£asne s presne
 []

[28

]) (chapters/Zaver.tex [29]
Kapitola 7.

Overfull \hbox (0.87048pt too wide) in paragraph at lines 27--28
[]\T1/lmr/m/n/12 Nutnos´ ru£-ného hard-co-do-va-nia \T1/lmtt/m/n/12 BASE_TOPIC_
PREFIX \T1/lmr/m/n/12 v C++ firm-véri pre kaºdý
 []

) [30

] (diplomka.lof)
\tf@lof=\write7
\openout7 = `diplomka.lof'.

 [31


] (diplomka.lot)
\tf@lot=\write8
\openout8 = `diplomka.lot'.

 [32


] (chapters/Literatura.tex
Underfull \hbox (badness 10000) in paragraph at lines 17--20
[]\T1/lmr/m/n/12 BPAV TECH-NO-LOGY. Cres-tron vs Ex-tron vs AMX: What
 []


Underfull \hbox (badness 10000) in paragraph at lines 17--20
\T1/lmr/m/n/12 Su-its Your Pro-ject? \T1/lmr/m/it/12 BPAV Blog \T1/lmr/m/n/12 [
on-line]. 2023 [cit. 2025-02-
 []


Underfull \hbox (badness 10000) in paragraph at lines 17--20
\T1/lmr/m/n/12 20]. Do-stupné z: [][]$\T1/lmtt/m/n/12 https : / / blog . bpav .
 global / news-[]insights /
 []


Underfull \hbox (badness 10000) in paragraph at lines 37--40
[]\T1/lmr/m/n/12 CELERDATA. YAML, JSON and XML: A Prac-ti-cal Gu-ide
 []


Underfull \hbox (badness 10000) in paragraph at lines 37--40
\T1/lmr/m/n/12 to Cho-osing the Right For-mat. \T1/lmr/m/it/12 Ce-ler-Data Blog
 \T1/lmr/m/n/12 [on-line]. 2024
 []


Underfull \hbox (badness 10000) in paragraph at lines 37--40
\T1/lmr/m/n/12 [cit. 2025-02-20]. Do-stupné z: [][]$\T1/lmtt/m/n/12 https : / /
 celerdata . com / glossary /
 []


Underfull \hbox (badness 1168) in paragraph at lines 49--52
\T1/lmr/m/n/12 [cit. 2025-02-20]. Do-stupné z: [][]$\T1/lmtt/m/n/12 https : / /
 www . scribd . com / document / 132762444 /
 []


Underfull \hbox (badness 10000) in paragraph at lines 67--69
[]\T1/lmr/m/n/12 INFINEON TECH-NO-LO-GIES. \T1/lmr/m/it/12 BTS7960 High Cur-ren
t PN Half Bridge
 []


Underfull \hbox (badness 10000) in paragraph at lines 67--69
\T1/lmr/m/it/12 Da-tas-heet \T1/lmr/m/n/12 [on-line]. 2004. Do-stupné z: [][]$\
T1/lmtt/m/n/12 https : / / www . infineon . com / dgdl /
 []

[33


]) [34] 
enddocument/afterlastpage (AED): lastpage setting LastPage.
(diplomka.aux)
 ***********
LaTeX2e <2025-11-01>
L3 programming layer <2025-12-24>
 ***********


LaTeX Warning: There were undefined references.

Package rerunfilecheck Info: File `diplomka.out' has not changed.
(rerunfilecheck)             Checksum: E391A75805FF17E8E50BFA688F8F38EF;10190.

Package biblatex Warning: Please (re)run Biber on the file:
(biblatex)                diplomka
(biblatex)                and rerun LaTeX afterwards.

Package logreq Info: Writing requests to 'diplomka.run.xml'.
\openout1 = `diplomka.run.xml'.

 ) 
Here is how much of TeX's memory you used:
 27287 strings out of 467871
 478060 string characters out of 5418377
 1428725 words of memory out of 5000000
 55629 multiletter control sequences out of 15000+600000
 694379 words of font info for 83 fonts, out of 8000000 for 9000
 1141 hyphenation exceptions out of 8191
 78i,17n,93p,974b,2231s stack positions out of 10000i,1000n,20000p,200000b,200000s
<C:/Users/Wajdy/AppData/Local/Programs/MiKTeX/fonts/type1/public/lm/lmbx12.pf
b><C:/Users/Wajdy/AppData/Local/Programs/MiKTeX/fonts/type1/public/lm/lmbxi10.p
fb><C:/Users/Wajdy/AppData/Local/Programs/MiKTeX/fonts/type1/public/lm/lmr10.pf
b><C:/Users/Wajdy/AppData/Local/Programs/MiKTeX/fonts/type1/public/lm/lmr12.pfb
><C:/Users/Wajdy/AppData/Local/Programs/MiKTeX/fonts/type1/public/lm/lmri12.pfb
><C:/Users/Wajdy/AppData/Local/Programs/MiKTeX/fonts/type1/public/lm/lmtk10.pfb
><C:/Users/Wajdy/AppData/Local/Programs/MiKTeX/fonts/type1/public/lm/lmtt12.pfb
>
Output written on diplomka.pdf (34 pages, 460529 bytes).
PDF statistics:
 524 PDF objects out of 1000 (max. 8388607)
 97 named destinations out of 1000 (max. 500000)
 422 words of extra memory for PDF output out of 10000 (max. 10000000)

